
                                         
  The "--daemon" option does not exist.  
                                         

{#1242
  +"datetime": 1697203485
  +"likes": 0
  +"userId": 0
  +"forGalleryId": "2"
  +"nickname": ""
  +"message": "Test commend in gallery"
  +"forCommentId": ""
  +"removed": false
  +"avatar": ""
  +"id": "D74DC4F6-1D19-4717-8C11-6239BC0044AE"
}
"comments/galleries/2/d74dc4f61d1947178c116239bc0044ae"
{#1240
  +"userId": 3
  +"avatar": "https://app.exposvre.com/storage/33/avatar.jpeg"
  +"id": "246BD9EB-F1EE-4625-9914-9C631F4876D3"
  +"removed": false
  +"datetime": 1697207077
  +"message": "Test comment"
  +"forCommentId": ""
  +"forGalleryId": "2"
  +"likes": 0
  +"nickname": "Hunter"
}
"comments/galleries/2/246bd9ebf1ee462599149c631f4876d3"
{#1265
  +"userId": 3
  +"avatar": "https://app.exposvre.com/storage/33/avatar.jpeg"
  +"id": "BEA01758-FA33-44AB-8A3E-4CE57DAFBD7D"
  +"removed": false
  +"datetime": 1697207096
  +"message": "Test again"
  +"forCommentId": ""
  +"forGalleryId": "2"
  +"likes": 0
  +"nickname": "Hunter"
}
"comments/galleries/2/bea01758fa3344ab8a3e4ce57dafbd7d"
{#1272
  +"userId": 2
  +"avatar": "https://app.exposvre.com/storage/34/avatar.jpeg"
  +"id": "360041E5-380B-44CB-A5A0-DDC4DDD4B9F4"
  +"removed": false
  +"datetime": 1697207397
  +"message": "Test new"
  +"forCommentId": ""
  +"forGalleryId": "2"
  +"likes": 0
  +"nickname": "Rihanna"
}
"comments/galleries/2/360041e5380b44cba5a0ddc4ddd4b9f4"
{#1279
  +"userId": 2
  +"avatar": "https://app.exposvre.com/storage/34/avatar.jpeg"
  +"id": "29F42AD3-5340-46E8-93D8-264FB20D602D"
  +"removed": false
  +"datetime": 1697208536
  +"message": "Test"
  +"forCommentId": ""
  +"forGalleryId": "2"
  +"likes": 0
  +"nickname": "Rihanna"
}
"comments/galleries/2/29f42ad3534046e893d8264fb20d602d"
{#1286
  +"userId": 2
  +"avatar": "https://app.exposvre.com/storage/34/avatar.jpeg"
  +"id": "12CB6354-151F-42A6-AC99-5214202AABF5"
  +"removed": false
  +"datetime": 1697208554
  +"message": "Again"
  +"forCommentId": ""
  +"forGalleryId": "2"
  +"likes": 0
  +"nickname": "Rihanna"
}
"comments/galleries/2/12cb6354151f42a6ac995214202aabf5"
{#1293
  +"userId": 3
  +"avatar": "https://app.exposvre.com/storage/33/avatar.jpeg"
  +"id": "96A33F14-6680-4D0C-ADCC-88AFFC821CE8"
  +"removed": false
  +"datetime": 1697209852
  +"message": "New"
  +"forCommentId": ""
  +"forGalleryId": "2"
  +"likes": 0
  +"nickname": "Hunter"
}
"comments/galleries/2/96a33f1466804d0cadcc88affc821ce8"
{#1300
  +"userId": 3
  +"avatar": "https://app.exposvre.com/storage/33/avatar.jpeg"
  +"id": "7ED7DF07-76D7-4E40-A534-E5D43385C9B8"
  +"removed": false
  +"datetime": 1697210367
  +"message": "Fixed"
  +"forCommentId": ""
  +"forGalleryId": "2"
  +"likes": 0
  +"nickname": "Hunter"
}
"comments/galleries/2/7ed7df0776d74e40a534e5d43385c9b8"
{#1307
  +"userId": 3
  +"avatar": "https://app.exposvre.com/storage/33/avatar.jpeg"
  +"id": "C78984BB-64EE-4AB4-8551-651BB7C120BE"
  +"removed": false
  +"datetime": 1697210731
  +"message": "Comment"
  +"forCommentId": ""
  +"forGalleryId": "2"
  +"likes": 0
  +"nickname": "Hunter"
}
"comments/galleries/2/c78984bb64ee4ab48551651bb7c120be"
{#1314
  +"userId": 3
  +"avatar": "https://app.exposvre.com/storage/33/avatar.jpeg"
  +"id": "93C5EBCB-2809-492B-9AB8-484E66483B9B"
  +"removed": false
  +"datetime": 1697210859
  +"message": "Test new comment"
  +"forCommentId": ""
  +"forGalleryId": "2"
  +"likes": 0
  +"nickname": "Hunter"
}
"comments/galleries/2/93c5ebcb2809492b9ab8484e66483b9b"
{#1321
  +"userId": 3
  +"avatar": "https://app.exposvre.com/storage/33/avatar.jpeg"
  +"id": "74FE8441-DD39-4A7A-891D-834E2C21D058"
  +"removed": false
  +"datetime": 1697210981
  +"message": "Again"
  +"forCommentId": ""
  +"forGalleryId": "2"
  +"likes": 0
  +"nickname": "Hunter"
}
"comments/galleries/2/74fe8441dd394a7a891d834e2c21d058"
{#1328
  +"datetime": 1702662022
  +"forGalleryId": "13"
  +"message": "Cool right?"
  +"id": "827BEB5B-6F58-4BB2-AC6A-E85F367BA702"
  +"nickname": "Testaccountnewnew"
  +"forCommentId": ""
  +"removed": false
  +"likes": 0
  +"userId": 5
  +"avatar": "https://app.exposvre.com/storage/31/avatar.jpeg"
}
"comments/galleries/13/827beb5b6f584bb2ac6ae85f367ba702"
"COLLECTION"
"Cool right?"
13
{#1335
  +"userId": 3
  +"avatar": "https://app.exposvre.com/storage/33/avatar.jpeg"
  +"id": "4C827331-7D88-4025-87A7-2DF194679F21"
  +"forPostId": "107"
  +"removed": false
  +"message": "Test comment"
  +"datetime": 1697208689
  +"forCommentId": ""
  +"likes": 0
  +"nickname": "Hunter"
}
"comments/posts/107/4c8273317d88402587a72df194679f21"
{#1349
  +"userId": 3
  +"avatar": "https://app.exposvre.com/storage/33/avatar.jpeg"
  +"id": "5E40AFC2-7A2D-4F08-9334-4A736CF114F4"
  +"forPostId": "107"
  +"removed": false
  +"message": "Test again"
  +"datetime": 1697208914
  +"forCommentId": ""
  +"likes": 0
  +"nickname": "Hunter"
}
"comments/posts/107/5e40afc27a2d4f0893344a736cf114f4"
{#2335
  +"userId": 3
  +"avatar": "https://app.exposvre.com/storage/33/avatar.jpeg"
  +"id": "2D37AC7A-80D2-4424-AC5C-EA68DA77CEEF"
  +"forPostId": "107"
  +"removed": false
  +"message": "Comment"
  +"datetime": 1697209232
  +"forCommentId": ""
  +"likes": 0
  +"nickname": "Hunter"
}
"comments/posts/107/2d37ac7a80d24424ac5cea68da77ceef"
{#2387
  +"userId": 3
  +"avatar": "https://app.exposvre.com/storage/33/avatar.jpeg"
  +"id": "1A79CA52-7ED0-48C9-92BE-E7D44ECA2BEB"
  +"forPostId": "107"
  +"removed": false
  +"message": "Comment again"
  +"datetime": 1697209503
  +"forCommentId": ""
  +"likes": 0
  +"nickname": "Hunter"
}
"comments/posts/107/1a79ca527ed048c992bee7d44eca2beb"
{#2377
  +"userId": 3
  +"avatar": "https://app.exposvre.com/storage/33/avatar.jpeg"
  +"id": "B650D694-AC9C-45D6-8D4C-03BCCB72CD95"
  +"forPostId": "107"
  +"removed": false
  +"message": "New comment"
  +"datetime": 1697209594
  +"forCommentId": ""
  +"likes": 0
  +"nickname": "Hunter"
}
"comments/posts/107/b650d694ac9c45d68d4c03bccb72cd95"
{#2393
  +"userId": 3
  +"avatar": "https://app.exposvre.com/storage/33/avatar.jpeg"
  +"id": "D85A3C64-60DB-4753-A01C-6A8B5B74C844"
  +"forPostId": "107"
  +"removed": false
  +"message": "Fixed"
  +"datetime": 1697210161
  +"forCommentId": ""
  +"likes": 0
  +"nickname": "Hunter"
}
"comments/posts/107/d85a3c6460db4753a01c6a8b5b74c844"
{#2400
  +"userId": 3
  +"avatar": "https://app.exposvre.com/storage/33/avatar.jpeg"
  +"id": "D0AD72DE-0C67-4189-B446-9534763EE8C6"
  +"forPostId": "107"
  +"removed": false
  +"message": "What is this?"
  +"datetime": 1697211201
  +"forCommentId": ""
  +"likes": 0
  +"nickname": "Hunter"
}
"comments/posts/107/d0ad72de0c674189b4469534763ee8c6"
{#2407
  +"userId": 3
  +"avatar": "https://app.exposvre.com/storage/33/avatar.jpeg"
  +"id": "7E31AE7F-F1B9-4AE4-B5D9-282A939B2806"
  +"forPostId": "107"
  +"removed": false
  +"message": "This is a test"
  +"datetime": 1697211478
  +"forCommentId": ""
  +"likes": 0
  +"nickname": "Hunter"
}
"comments/posts/107/7e31ae7ff1b94ae4b5d9282a939b2806"
{#2414
  +"userId": 3
  +"avatar": "https://app.exposvre.com/storage/33/avatar.jpeg"
  +"id": "4711F87F-2B46-4FAA-8AAF-9E40E1BE68C9"
  +"forPostId": "107"
  +"removed": false
  +"message": "Post"
  +"datetime": 1697211796
  +"forCommentId": ""
  +"likes": 0
  +"nickname": "Hunter"
}
"comments/posts/107/4711f87f2b464faa8aaf9e40e1be68c9"
{#2421
  +"userId": 3
  +"avatar": "https://app.exposvre.com/storage/33/avatar.jpeg"
  +"id": "5D0458B1-4538-4133-8DF6-FA8CF107B6CE"
  +"forPostId": "107"
  +"removed": false
  +"message": "Why?"
  +"datetime": 1697212105
  +"forCommentId": ""
  +"likes": 0
  +"nickname": "Hunter"
}
"comments/posts/107/5d0458b1453841338df6fa8cf107b6ce"
{#2428
  +"userId": 3
  +"avatar": "https://app.exposvre.com/storage/33/avatar.jpeg"
  +"id": "0D2F0C82-0D62-4DAA-85CA-300670B6B684"
  +"forPostId": "107"
  +"removed": false
  +"message": "Don’t worry"
  +"datetime": 1697212267
  +"forCommentId": ""
  +"likes": 0
  +"nickname": "Hunter"
}
"comments/posts/107/0d2f0c820d624daa85ca300670b6b684"
{#2435
  +"userId": 3
  +"avatar": "https://app.exposvre.com/storage/33/avatar.jpeg"
  +"id": "A1E96592-7B19-4D72-8936-EA8D96411CA2"
  +"forPostId": "107"
  +"removed": false
  +"message": "Vt r design"
  +"datetime": 1697212395
  +"forCommentId": ""
  +"likes": 0
  +"nickname": "Hunter"
}
"comments/posts/107/a1e965927b194d728936ea8d96411ca2"
{#2442
  +"userId": 3
  +"avatar": "https://app.exposvre.com/storage/33/avatar.jpeg"
  +"id": "64954181-4158-44C3-8501-FD3FCE2D5AC9"
  +"forPostId": "107"
  +"removed": false
  +"message": "Sending"
  +"datetime": 1697212558
  +"forCommentId": ""
  +"likes": 0
  +"nickname": "Hunter"
}
"comments/posts/107/64954181415844c38501fd3fce2d5ac9"
{#2449
  +"userId": 3
  +"avatar": "https://app.exposvre.com/storage/33/avatar.jpeg"
  +"id": "30A5F300-85CE-45D5-8886-3FC25AF0A25C"
  +"forPostId": "107"
  +"removed": false
  +"message": "Don’t understand"
  +"datetime": 1697212778
  +"forCommentId": ""
  +"likes": 0
  +"nickname": "Hunter"
}
"comments/posts/107/30a5f30085ce45d588863fc25af0a25c"
{#2456
  +"userId": 3
  +"avatar": "https://app.exposvre.com/storage/33/avatar.jpeg"
  +"id": "9E6C0172-E303-46E2-9913-B5AE5D71EBB5"
  +"forPostId": "4"
  +"removed": false
  +"message": "Comment"
  +"datetime": 1697209878
  +"forCommentId": ""
  +"likes": 0
  +"nickname": "Hunter"
}
"comments/posts/4/9e6c0172e30346e29913b5ae5d71ebb5"
{#2463
  +"userId": 2
  +"avatar": "https://app.exposvre.com/storage/34/avatar.jpeg"
  +"id": "B3578AF4-9F82-4ADD-AC99-5C91703E21BC"
  +"forPostId": "4"
  +"removed": false
  +"message": "Fjshsjxk djxjsj"
  +"datetime": 1697544959
  +"forCommentId": ""
  +"likes": 0
  +"nickname": "Rihanna"
}
"comments/posts/4/b3578af49f824addac995c91703e21bc"
{#2470
  +"userId": 3
  +"avatar": "https://app.exposvre.com/storage/33/avatar.jpeg"
  +"id": "1229A711-2A92-4D1F-A4AD-330E3246BE76"
  +"forPostId": "103"
  +"removed": false
  +"message": "Test"
  +"datetime": 1697211820
  +"forCommentId": ""
  +"likes": 0
  +"nickname": "Hunter"
}
"comments/posts/103/1229a7112a924d1fa4ad330e3246be76"
{#2477
  +"userId": 3
  +"avatar": "https://app.exposvre.com/storage/33/avatar.jpeg"
  +"id": "4BED7E72-E8E0-4D55-BD75-044237FA104D"
  +"forPostId": "103"
  +"removed": false
  +"message": "Test again"
  +"datetime": 1697211873
  +"forCommentId": ""
  +"likes": 0
  +"nickname": "Hunter"
}
"comments/posts/103/4bed7e72e8e04d55bd75044237fa104d"
{#2484
  +"userId": 3
  +"avatar": "https://app.exposvre.com/storage/33/avatar.jpeg"
  +"id": "E85BF576-31D2-41A3-87DC-55AEE80F02B8"
  +"forPostId": "103"
  +"removed": false
  +"message": "Published"
  +"datetime": 1697212038
  +"forCommentId": ""
  +"likes": 0
  +"nickname": "Hunter"
}
"comments/posts/103/e85bf57631d241a387dc55aee80f02b8"
{#2491
  +"userId": 3
  +"avatar": "https://app.exposvre.com/storage/33/avatar.jpeg"
  +"id": "C35273C3-CF96-42D9-BD7E-7358400D843C"
  +"forPostId": "84"
  +"removed": false
  +"message": "Test"
  +"datetime": 1697211908
  +"forCommentId": ""
  +"likes": 0
  +"nickname": "Hunter"
}
"comments/posts/84/c35273c3cf9642d9bd7e7358400d843c"
{#2498
  +"id": "9C0371EE-5AA2-4973-AA98-500EA64E2A0B"
  +"datetime": 1698681366
  +"forPostId": "84"
  +"removed": false
  +"likes": 0
  +"forCommentId": ""
  +"userId": 33
  +"message": "This is fabulous!"
  +"nickname": ""
  +"avatar": ""
}
"comments/posts/84/9c0371ee5aa24973aa98500ea64e2a0b"
{#2505
  +"userId": 3
  +"avatar": "https://app.exposvre.com/storage/33/avatar.jpeg"
  +"id": "16FEE2F8-AC55-4927-991F-1B6CAA9ED34A"
  +"forPostId": "25"
  +"removed": false
  +"message": "Test"
  +"datetime": 1697535745
  +"forCommentId": ""
  +"likes": 0
  +"nickname": "Hunter"
}
"comments/posts/25/16fee2f8ac554927991f1b6caa9ed34a"
"POST"
"25"
25
{#2505
  +"userId": 3
  +"avatar": "https://app.exposvre.com/storage/33/avatar.jpeg"
  +"id": "16FEE2F8-AC55-4927-991F-1B6CAA9ED34A"
  +"forPostId": "25"
  +"removed": false
  +"message": "Test"
  +"datetime": 1697535745
  +"forCommentId": ""
  +"likes": 0
  +"nickname": "Hunter"
}
"Test"
25
{#2512
  +"userId": 10
  +"avatar": "https://app.exposvre.com/storage/169/avatar.jpeg"
  +"id": "20F1F841-5D01-448B-B05E-7C383E3AF2AD"
  +"forPostId": "25"
  +"removed": false
  +"message": "love her!! cant wait to see what 2024 is like for taylor 🙌🏼"
  +"datetime": 1703387432
  +"forCommentId": ""
  +"likes": 0
  +"nickname": "indiamcc13"
}
"comments/posts/25/20f1f8415d01448bb05e7c383e3af2ad"
"POST"
"25"
25
{#2512
  +"userId": 10
  +"avatar": "https://app.exposvre.com/storage/169/avatar.jpeg"
  +"id": "20F1F841-5D01-448B-B05E-7C383E3AF2AD"
  +"forPostId": "25"
  +"removed": false
  +"message": "love her!! cant wait to see what 2024 is like for taylor 🙌🏼"
  +"datetime": 1703387432
  +"forCommentId": ""
  +"likes": 0
  +"nickname": "indiamcc13"
}
"love her!! cant wait to see what 2024 is like for taylor 🙌🏼"
25
{#2557
  +"userId": 3
  +"avatar": "https://app.exposvre.com/storage/33/avatar.jpeg"
  +"id": "181EE237-B18F-43D2-B688-C2368847E854"
  +"forPostId": "31"
  +"removed": false
  +"message": "Test"
  +"datetime": 1697537545
  +"forCommentId": ""
  +"likes": 0
  +"nickname": "Hunter"
}
"comments/posts/31/181ee237b18f43d2b688c2368847e854"
{#2587
  +"userId": 3
  +"avatar": "https://app.exposvre.com/storage/33/avatar.jpeg"
  +"id": "70911FF6-7574-4D01-94DE-ED6E8F9C77A1"
  +"forPostId": "31"
  +"removed": false
  +"message": "What is going on?"
  +"datetime": 1697537563
  +"forCommentId": ""
  +"likes": 0
  +"nickname": "Hunter"
}
"comments/posts/31/70911ff675744d0194deed6e8f9c77a1"
{#2568
  +"userId": 3
  +"forPostId": "77"
  +"message": "Test"
  +"removed": false
  +"datetime": 1697796650
  +"likes": 1
  +"id": "D0B1C464-60C7-4451-9205-102A09C9B799"
  +"nickname": "Hunter"
  +"avatar": "https://app.exposvre.com/storage/33/avatar.jpeg"
  +"forCommentId": ""
}
"comments/posts/77/d0b1c46460c744519205102a09c9b799"
"POST"
"77"
77
{#2568
  +"userId": 3
  +"forPostId": "77"
  +"message": "Test"
  +"removed": false
  +"datetime": 1697796650
  +"likes": 1
  +"id": "D0B1C464-60C7-4451-9205-102A09C9B799"
  +"nickname": "Hunter"
  +"avatar": "https://app.exposvre.com/storage/33/avatar.jpeg"
  +"forCommentId": ""
}
"Test"
77
{#2586
  +"id": "785C6F0F-FB35-4A74-BC7E-E4AF5497C9C7"
  +"nickname": "Hunter"
  +"avatar": "https://app.exposvre.com/storage/33/avatar.jpeg"
  +"message": "@Hunter, du "
  +"forCommentId": "D0B1C464-60C7-4451-9205-102A09C9B799"
  +"forPostId": "77"
  +"removed": false
  +"likes": 1
  +"userId": 3
  +"datetime": 1697796655
}
"comments/posts/77/785c6f0ffb354a74bc7ee4af5497c9c7"
"POST"
"77"
77
{#2586
  +"id": "785C6F0F-FB35-4A74-BC7E-E4AF5497C9C7"
  +"nickname": "Hunter"
  +"avatar": "https://app.exposvre.com/storage/33/avatar.jpeg"
  +"message": "@Hunter, du "
  +"forCommentId": "D0B1C464-60C7-4451-9205-102A09C9B799"
  +"forPostId": "77"
  +"removed": false
  +"likes": 1
  +"userId": 3
  +"datetime": 1697796655
}
"@Hunter, du "
77
{#2633
  +"forCommentId": ""
  +"avatar": "https://app.exposvre.com/storage/229/avatar.jpeg"
  +"message": "Test comment"
  +"likes": 0
  +"datetime": 1708702576
  +"nickname": "Forsain"
  +"forPostId": "77"
  +"id": "6B3CDFD1-694F-4637-BE5F-F87ADDAF4246"
  +"removed": false
  +"userId": 11
}
"comments/posts/77/6b3cdfd1694f4637be5ff87addaf4246"
"POST"
"77"
77
{#2633
  +"forCommentId": ""
  +"avatar": "https://app.exposvre.com/storage/229/avatar.jpeg"
  +"message": "Test comment"
  +"likes": 0
  +"datetime": 1708702576
  +"nickname": "Forsain"
  +"forPostId": "77"
  +"id": "6B3CDFD1-694F-4637-BE5F-F87ADDAF4246"
  +"removed": false
  +"userId": 11
}
"Test comment"
77
{#2664
  +"userId": 9
  +"avatar": "https://app.exposvre.com/storage/105/avatar.jpeg"
  +"id": "65816D13-29E2-473D-89B4-2EF04C2E4057"
  +"forPostId": "80"
  +"removed": false
  +"message": "Sig dog"
  +"datetime": 1698079863
  +"forCommentId": ""
  +"likes": 0
  +"nickname": "MyAccount"
}
"comments/posts/80/65816d1329e2473d89b42ef04c2e4057"
{#2695
  +"forCommentId": ""
  +"id": "99F92A72-34E7-4E8E-AAD3-66D6289BCBE6"
  +"datetime": 1701279862
  +"likes": 0
  +"forPostId": "76"
  +"userId": 43
  +"message": "Nice photo"
  +"removed": false
  +"nickname": ""
  +"avatar": ""
}
"comments/posts/76/99f92a7234e74e8eaad366d6289bcbe6"
"POST"
"76"
76
{#2695
  +"forCommentId": ""
  +"id": "99F92A72-34E7-4E8E-AAD3-66D6289BCBE6"
  +"datetime": 1701279862
  +"likes": 0
  +"forPostId": "76"
  +"userId": 43
  +"message": "Nice photo"
  +"removed": false
  +"nickname": ""
  +"avatar": ""
}
"Nice photo"
76
{#2681
  +"userId": 42
  +"forPostId": "59"
  +"message": "Love this"
  +"forCommentId": ""
  +"removed": false
  +"likes": 1
  +"avatar": "https://app.exposvre.com/storage/395/avatar.jpeg"
  +"nickname": "Markiji"
  +"id": "F12D6D22-64C0-4560-96CF-F55CD66B9657"
  +"datetime": 1701279900
}
"comments/posts/59/f12d6d2264c0456096cff55cd66b9657"
"POST"
"59"
59
{#2681
  +"userId": 42
  +"forPostId": "59"
  +"message": "Love this"
  +"forCommentId": ""
  +"removed": false
  +"likes": 1
  +"avatar": "https://app.exposvre.com/storage/395/avatar.jpeg"
  +"nickname": "Markiji"
  +"id": "F12D6D22-64C0-4560-96CF-F55CD66B9657"
  +"datetime": 1701279900
}
"Love this"
59
{#2721
  +"datetime": 1701969076
  +"nickname": ""
  +"likes": 0
  +"removed": false
  +"avatar": ""
  +"forCommentId": ""
  +"id": "0D03E38D-CAFB-415C-91BD-725A593C71FA"
  +"forPostId": "58"
  +"message": "Sweet face"
  +"userId": 43
}
"comments/posts/58/0d03e38dcafb415c91bd725a593c71fa"
"POST"
"58"
58
{#2721
  +"datetime": 1701969076
  +"nickname": ""
  +"likes": 0
  +"removed": false
  +"avatar": ""
  +"forCommentId": ""
  +"id": "0D03E38D-CAFB-415C-91BD-725A593C71FA"
  +"forPostId": "58"
  +"message": "Sweet face"
  +"userId": 43
}
"Sweet face"
58
{#2750
  +"datetime": 1702201988
  +"id": "16D78B50-61FD-4B5A-94FB-1165652FB127"
  +"forCommentId": ""
  +"userId": 42
  +"removed": false
  +"forPostId": "158"
  +"likes": 0
  +"avatar": "https://app.exposvre.com/storage/395/avatar.jpeg"
  +"nickname": "Markiji"
  +"message": "Fabulous memories ❤️"
}
"comments/posts/158/16d78b5061fd4b5a94fb1165652fb127"
"POST"
"158"
158
{#2750
  +"datetime": 1702201988
  +"id": "16D78B50-61FD-4B5A-94FB-1165652FB127"
  +"forCommentId": ""
  +"userId": 42
  +"removed": false
  +"forPostId": "158"
  +"likes": 0
  +"avatar": "https://app.exposvre.com/storage/395/avatar.jpeg"
  +"nickname": "Markiji"
  +"message": "Fabulous memories ❤️"
}
"Fabulous memories ❤️"
158
{#2780
  +"id": "318FD09B-1539-4CFB-AB33-0B193B146A24"
  +"forPostId": "13"
  +"datetime": 1703281767
  +"userId": 4
  +"removed": false
  +"avatar": "https://app.exposvre.com/storage/39/avatar.jpeg"
  +"forCommentId": ""
  +"message": "Nice shot"
  +"likes": 0
  +"nickname": "khecker"
}
"comments/posts/13/318fd09b15394cfbab330b193b146a24"
{#2810
  +"message": "Please can I jump on this too…!"
  +"removed": false
  +"forPostId": "12"
  +"likes": 0
  +"userId": 7
  +"forCommentId": ""
  +"avatar": "https://app.exposvre.com/storage/82/avatar.jpeg"
  +"nickname": "Markiji"
  +"id": "F5934031-7900-4987-BAC4-F09CEFAB4278"
  +"datetime": 1703327507
}
"comments/posts/12/f593403179004987bac4f09cefab4278"
{#2809
  +"id": "944CBA54-B975-4F00-9362-55B591592C85"
  +"datetime": 1703363265
  +"removed": false
  +"likes": 0
  +"nickname": "khecker"
  +"forPostId": "22"
  +"message": "Creepy"
  +"avatar": "https://app.exposvre.com/storage/39/avatar.jpeg"
  +"userId": 4
  +"forCommentId": ""
}
"comments/posts/22/944cba54b9754f00936255b591592c85"
{#2822
  +"forCommentId": ""
  +"likes": 0
  +"id": "40115C88-3E89-4C61-A481-1416EF66D560"
  +"message": "Nice. Lost art"
  +"datetime": 1703369401
  +"userId": 4
  +"removed": false
  +"forPostId": "49"
  +"nickname": "khecker"
  +"avatar": "https://app.exposvre.com/storage/39/avatar.jpeg"
}
"comments/posts/49/40115c883e894c61a4811416ef66d560"
"POST"
"49"
49
{#2822
  +"forCommentId": ""
  +"likes": 0
  +"id": "40115C88-3E89-4C61-A481-1416EF66D560"
  +"message": "Nice. Lost art"
  +"datetime": 1703369401
  +"userId": 4
  +"removed": false
  +"forPostId": "49"
  +"nickname": "khecker"
  +"avatar": "https://app.exposvre.com/storage/39/avatar.jpeg"
}
"Nice. Lost art"
49
{#2817
  +"id": "6478011C-61B8-4AC4-AB11-84CD66FBA10E"
  +"nickname": "MLSKC"
  +"removed": false
  +"avatar": "https://app.exposvre.com/storage/504/avatar.jpeg"
  +"message": "Beautiful Boy"
  +"likes": 0
  +"userId": 15
  +"forCommentId": ""
  +"datetime": 1703705200
  +"forPostId": "63"
}
"comments/posts/63/6478011c61b84ac4ab1184cd66fba10e"
"POST"
"63"
63
{#2817
  +"id": "6478011C-61B8-4AC4-AB11-84CD66FBA10E"
  +"nickname": "MLSKC"
  +"removed": false
  +"avatar": "https://app.exposvre.com/storage/504/avatar.jpeg"
  +"message": "Beautiful Boy"
  +"likes": 0
  +"userId": 15
  +"forCommentId": ""
  +"datetime": 1703705200
  +"forPostId": "63"
}
"Beautiful Boy"
63
{#2862
  +"message": "love it"
  +"id": "10C3ED04-ED7B-4120-AB61-3AC17EE23789"
  +"datetime": 1703705328
  +"forCommentId": ""
  +"removed": false
  +"forPostId": "120"
  +"likes": 0
  +"userId": 15
  +"nickname": "MLSKC"
  +"avatar": "https://app.exposvre.com/storage/504/avatar.jpeg"
}
"comments/posts/120/10c3ed04ed7b4120ab613ac17ee23789"
"POST"
"120"
120
{#2862
  +"message": "love it"
  +"id": "10C3ED04-ED7B-4120-AB61-3AC17EE23789"
  +"datetime": 1703705328
  +"forCommentId": ""
  +"removed": false
  +"forPostId": "120"
  +"likes": 0
  +"userId": 15
  +"nickname": "MLSKC"
  +"avatar": "https://app.exposvre.com/storage/504/avatar.jpeg"
}
"love it"
120
{#2892
  +"likes": 0
  +"forCommentId": ""
  +"forPostId": "66"
  +"id": "E8C41DA3-E265-4AB5-9B08-A42B5CD7C497"
  +"message": "Great photo!"
  +"nickname": "davi.mezcal"
  +"removed": false
  +"datetime": 1703884913
  +"avatar": "https://app.exposvre.com/storage/50/avatar.jpeg"
  +"userId": 5
}
"comments/posts/66/e8c41da3e2654ab59b08a42b5cd7c497"
"POST"
"66"
66
{#2892
  +"likes": 0
  +"forCommentId": ""
  +"forPostId": "66"
  +"id": "E8C41DA3-E265-4AB5-9B08-A42B5CD7C497"
  +"message": "Great photo!"
  +"nickname": "davi.mezcal"
  +"removed": false
  +"datetime": 1703884913
  +"avatar": "https://app.exposvre.com/storage/50/avatar.jpeg"
  +"userId": 5
}
"Great photo!"
66
{#2921
  +"likes": 0
  +"userId": 7
  +"id": "6BC9F58C-E532-4471-8C3C-148B88F9E9D7"
  +"removed": false
  +"forPostId": "207"
  +"forCommentId": ""
  +"datetime": 1704295657
  +"nickname": "Markiji"
  +"message": "❤️❤️❤️❤️❤️"
  +"avatar": "https://app.exposvre.com/storage/82/avatar.jpeg"
}
"comments/posts/207/6bc9f58ce53244718c3c148b88f9e9d7"
"POST"
"207"
207
{#2921
  +"likes": 0
  +"userId": 7
  +"id": "6BC9F58C-E532-4471-8C3C-148B88F9E9D7"
  +"removed": false
  +"forPostId": "207"
  +"forCommentId": ""
  +"datetime": 1704295657
  +"nickname": "Markiji"
  +"message": "❤️❤️❤️❤️❤️"
  +"avatar": "https://app.exposvre.com/storage/82/avatar.jpeg"
}
"❤️❤️❤️❤️❤️"
207
{#2951
  +"avatar": "https://app.exposvre.com/storage/698/avatar.jpeg"
  +"removed": false
  +"likes": 0
  +"userId": 25
  +"id": "4FD6F74C-DEC6-4373-8D88-16CA75AB3E9C"
  +"forPostId": "192"
  +"nickname": "WendyLaister"
  +"message": "Stunning"
  +"forCommentId": ""
  +"datetime": 1704296213
}
"comments/posts/192/4fd6f74cdec643738d8816ca75ab3e9c"
{#2980
  +"nickname": "Paula Romano"
  +"userId": 6
  +"forPostId": "192"
  +"removed": false
  +"id": "3547F144-D31B-47DB-82F3-7B31CCD8F4F8"
  +"message": "Love your Billie!"
  +"datetime": 1704405737
  +"forCommentId": ""
  +"likes": 0
  +"avatar": "https://app.exposvre.com/storage/532/avatar.jpeg"
}
"comments/posts/192/3547f144d31b47db82f37b31ccd8f4f8"
{#2970
  +"avatar": "https://app.exposvre.com/storage/504/avatar.jpeg"
  +"forCommentId": "3547F144-D31B-47DB-82F3-7B31CCD8F4F8"
  +"datetime": 1704406580
  +"forPostId": "192"
  +"nickname": "MLSKC"
  +"userId": 15
  +"removed": false
  +"message": "@Paula Romano Thanks"
  +"id": "8E04B6F2-9D4E-48F6-BADD-98DB28687ABC"
  +"likes": 1
}
"comments/posts/192/8e04b6f29d4e48f6badd98db28687abc"
{#2981
  +"id": "708C573D-5044-4291-B9CD-E6A1683FF07D"
  +"forPostId": "192"
  +"avatar": "https://app.exposvre.com/storage/504/avatar.jpeg"
  +"message": "@WendyLaister, Thank"
  +"datetime": 1704406740
  +"removed": false
  +"forCommentId": "4FD6F74C-DEC6-4373-8D88-16CA75AB3E9C"
  +"likes": 1
  +"userId": 15
  +"nickname": "MLSKC"
}
"comments/posts/192/708c573d50444291b9cde6a1683ff07d"
{#2991
  +"nickname": "Paula Romano"
  +"avatar": "https://app.exposvre.com/storage/532/avatar.jpeg"
  +"id": "EA9F66D2-4F56-4B9D-A830-CFAB44BCD3FB"
  +"datetime": 1704297740
  +"userId": 6
  +"likes": 0
  +"removed": false
  +"forCommentId": ""
  +"forPostId": "175"
  +"message": "Handsome First Mate"
}
"comments/posts/175/ea9f66d24f564b9da830cfab44bcd3fb"
"POST"
"175"
175
{#2991
  +"nickname": "Paula Romano"
  +"avatar": "https://app.exposvre.com/storage/532/avatar.jpeg"
  +"id": "EA9F66D2-4F56-4B9D-A830-CFAB44BCD3FB"
  +"datetime": 1704297740
  +"userId": 6
  +"likes": 0
  +"removed": false
  +"forCommentId": ""
  +"forPostId": "175"
  +"message": "Handsome First Mate"
}
"Handsome First Mate"
175
{#2997
  +"message": "Test"
  +"forPostId": "205"
  +"forCommentId": ""
  +"removed": false
  +"likes": 0
  +"datetime": 1704317892
  +"nickname": "Alexveee"
  +"avatar": "https://app.exposvre.com/storage/38/avatar.jpeg"
  +"userId": 2
  +"id": "639E424D-3275-4E55-BE34-6CB5E4D8197C"
}
"comments/posts/205/639e424d32754e55be346cb5e4d8197c"
{#3038
  +"message": "Pathetic"
  +"datetime": 1704318919
  +"avatar": "https://app.exposvre.com/storage/710/avatar.jpeg"
  +"removed": false
  +"id": "97F0ABE9-158C-4C51-BFBE-BE70B6CD8196"
  +"forCommentId": ""
  +"forPostId": "210"
  +"userId": 27
  +"nickname": "Alex2.0"
  +"likes": 1
}
"comments/posts/210/97f0abe9158c4c51bfbebe70b6cd8196"
{#3028
  +"datetime": 1704405628
  +"likes": 0
  +"userId": 15
  +"nickname": "MLSKC"
  +"avatar": "https://app.exposvre.com/storage/504/avatar.jpeg"
  +"message": "Love that surprise effect on the film"
  +"forCommentId": ""
  +"id": "EF2749F9-E730-490F-AAEA-EFE4ECCA8F62"
  +"removed": false
  +"forPostId": "202"
}
"comments/posts/202/ef2749f9e730490faaeaefe4ecca8f62"
"POST"
"202"
202
{#3028
  +"datetime": 1704405628
  +"likes": 0
  +"userId": 15
  +"nickname": "MLSKC"
  +"avatar": "https://app.exposvre.com/storage/504/avatar.jpeg"
  +"message": "Love that surprise effect on the film"
  +"forCommentId": ""
  +"id": "EF2749F9-E730-490F-AAEA-EFE4ECCA8F62"
  +"removed": false
  +"forPostId": "202"
}
"Love that surprise effect on the film"
202
{#3039
  +"avatar": "https://app.exposvre.com/storage/135/avatar.jpeg"
  +"forPostId": "190"
  +"forCommentId": ""
  +"datetime": 1704505262
  +"likes": 0
  +"userId": 8
  +"nickname": "Camille"
  +"removed": false
  +"message": "Loved this exhibit. Inspiring"
  +"id": "08156307-D694-4A7F-B421-BA343C2DC3B7"
}
"comments/posts/190/08156307d6944a7fb421ba343c2dc3b7"
"POST"
"190"
190
{#3039
  +"avatar": "https://app.exposvre.com/storage/135/avatar.jpeg"
  +"forPostId": "190"
  +"forCommentId": ""
  +"datetime": 1704505262
  +"likes": 0
  +"userId": 8
  +"nickname": "Camille"
  +"removed": false
  +"message": "Loved this exhibit. Inspiring"
  +"id": "08156307-D694-4A7F-B421-BA343C2DC3B7"
}
"Loved this exhibit. Inspiring"
190
{#3082
  +"likes": 0
  +"nickname": "Dmitriy"
  +"message": "Append my first comment"
  +"datetime": 1704634258
  +"forPostId": "83"
  +"forCommentId": ""
  +"userId": 9
  +"removed": false
  +"avatar": "https://app.exposvre.com/storage/163/avatar.jpeg"
  +"id": "5CAB0FD4-B9D4-4AA6-9B12-9F43235C7CA9"
}
"comments/posts/83/5cab0fd4b9d44aa69b129f43235c7ca9"
{#3112
  +"userId": 9
  +"avatar": "https://app.exposvre.com/storage/163/avatar.jpeg"
  +"removed": false
  +"message": "My second comment"
  +"likes": 0
  +"datetime": 1704634355
  +"forPostId": "83"
  +"id": "E235C5D0-61AF-4BD2-AAC0-C63651215797"
  +"nickname": "Dmitriy"
  +"forCommentId": ""
}
"comments/posts/83/e235c5d061af4bd2aac0c63651215797"
{#3102
  +"forCommentId": ""
  +"forPostId": "221"
  +"message": "This is awesome!"
  +"datetime": 1704730941
  +"removed": false
  +"id": "A67EB8CD-C631-42D4-A259-51B694D25399"
  +"likes": 0
  +"nickname": "Paula Romano"
  +"userId": 6
  +"avatar": "https://app.exposvre.com/storage/532/avatar.jpeg"
}
"comments/posts/221/a67eb8cdc63142d4a25951b694d25399"
"POST"
"221"
221
{#3102
  +"forCommentId": ""
  +"forPostId": "221"
  +"message": "This is awesome!"
  +"datetime": 1704730941
  +"removed": false
  +"id": "A67EB8CD-C631-42D4-A259-51B694D25399"
  +"likes": 0
  +"nickname": "Paula Romano"
  +"userId": 6
  +"avatar": "https://app.exposvre.com/storage/532/avatar.jpeg"
}
"This is awesome!"
221
{#3113
  +"userId": 30
  +"message": "Absolutely love ❤️"
  +"removed": false
  +"forPostId": "221"
  +"forCommentId": ""
  +"id": "32933DB4-1685-434C-8802-54321C4C52DA"
  +"nickname": "Jeszrrrll"
  +"avatar": "https://app.exposvre.com/storage/840/avatar.jpeg"
  +"datetime": 1706375384
  +"likes": 0
}
"comments/posts/221/32933db41685434c880254321c4c52da"
"POST"
"221"
221
{#3113
  +"userId": 30
  +"message": "Absolutely love ❤️"
  +"removed": false
  +"forPostId": "221"
  +"forCommentId": ""
  +"id": "32933DB4-1685-434C-8802-54321C4C52DA"
  +"nickname": "Jeszrrrll"
  +"avatar": "https://app.exposvre.com/storage/840/avatar.jpeg"
  +"datetime": 1706375384
  +"likes": 0
}
"Absolutely love ❤️"
221
{#3160
  +"message": "Wow, what a cool piece photo"
  +"avatar": "https://app.exposvre.com/storage/532/avatar.jpeg"
  +"id": "C35852DA-7A57-4AA9-9C9E-CCC32946A845"
  +"forCommentId": ""
  +"removed": false
  +"userId": 6
  +"nickname": "Paula Romano"
  +"datetime": 1704730964
  +"likes": 0
  +"forPostId": "219"
}
"comments/posts/219/c35852da7a574aa99c9eccc32946a845"
"POST"
"219"
219
{#3160
  +"message": "Wow, what a cool piece photo"
  +"avatar": "https://app.exposvre.com/storage/532/avatar.jpeg"
  +"id": "C35852DA-7A57-4AA9-9C9E-CCC32946A845"
  +"forCommentId": ""
  +"removed": false
  +"userId": 6
  +"nickname": "Paula Romano"
  +"datetime": 1704730964
  +"likes": 0
  +"forPostId": "219"
}
"Wow, what a cool piece photo"
219
{#3191
  +"userId": 6
  +"nickname": "Paula Romano"
  +"id": "8792578B-20F1-4C3D-A1E1-05D6DC41A49C"
  +"forPostId": "180"
  +"avatar": "https://app.exposvre.com/storage/532/avatar.jpeg"
  +"forCommentId": ""
  +"removed": false
  +"message": "Can’t wait to buy"
  +"datetime": 1704731064
  +"likes": 0
}
"comments/posts/180/8792578b20f14c3da1e105d6dc41a49c"
{#3215
  +"id": "C142B188-B0C4-4BEF-AB8A-54778D26360E"
  +"datetime": 1704731112
  +"removed": false
  +"forCommentId": ""
  +"likes": 0
  +"userId": 6
  +"avatar": "https://app.exposvre.com/storage/532/avatar.jpeg"
  +"forPostId": "176"
  +"message": "Cool shot.  Drone footage?"
  +"nickname": "Paula Romano"
}
"comments/posts/176/c142b188b0c44befab8a54778d26360e"
"POST"
"176"
176
{#3215
  +"id": "C142B188-B0C4-4BEF-AB8A-54778D26360E"
  +"datetime": 1704731112
  +"removed": false
  +"forCommentId": ""
  +"likes": 0
  +"userId": 6
  +"avatar": "https://app.exposvre.com/storage/532/avatar.jpeg"
  +"forPostId": "176"
  +"message": "Cool shot.  Drone footage?"
  +"nickname": "Paula Romano"
}
"Cool shot.  Drone footage?"
176
{#3205
  +"userId": 25
  +"removed": false
  +"datetime": 1704898633
  +"forCommentId": ""
  +"id": "D1D3DA32-7248-4D86-B94A-4A9C016BE9E9"
  +"forPostId": "163"
  +"nickname": "WendyLaister"
  +"avatar": "https://app.exposvre.com/storage/698/avatar.jpeg"
  +"message": "Such a great shot!"
  +"likes": 0
}
"comments/posts/163/d1d3da3272484d86b94a4a9c016be9e9"
"POST"
"163"
163
{#3205
  +"userId": 25
  +"removed": false
  +"datetime": 1704898633
  +"forCommentId": ""
  +"id": "D1D3DA32-7248-4D86-B94A-4A9C016BE9E9"
  +"forPostId": "163"
  +"nickname": "WendyLaister"
  +"avatar": "https://app.exposvre.com/storage/698/avatar.jpeg"
  +"message": "Such a great shot!"
  +"likes": 0
}
"Such a great shot!"
163
{#3251
  +"forCommentId": ""
  +"userId": 30
  +"forPostId": "203"
  +"likes": 0
  +"nickname": "Jeszrrrll"
  +"datetime": 1705069710
  +"message": "I thoroughly dig this one 😍"
  +"removed": false
  +"avatar": "https://app.exposvre.com/storage/840/avatar.jpeg"
  +"id": "7BEF0DF5-D836-489C-8ADB-DB1C5C21432F"
}
"comments/posts/203/7bef0df5d836489c8adbdb1c5c21432f"
{#3281
  +"likes": 0
  +"forPostId": "231"
  +"userId": 8
  +"nickname": "Camille"
  +"avatar": "https://app.exposvre.com/storage/135/avatar.jpeg"
  +"removed": false
  +"datetime": 1705118727
  +"forCommentId": ""
  +"id": "7E904B77-7B52-4B36-B517-CE6B1A7E4B3F"
  +"message": "Love"
}
"comments/posts/231/7e904b777b524b36b517ce6b1a7e4b3f"
"POST"
"231"
231
{#3281
  +"likes": 0
  +"forPostId": "231"
  +"userId": 8
  +"nickname": "Camille"
  +"avatar": "https://app.exposvre.com/storage/135/avatar.jpeg"
  +"removed": false
  +"datetime": 1705118727
  +"forCommentId": ""
  +"id": "7E904B77-7B52-4B36-B517-CE6B1A7E4B3F"
  +"message": "Love"
}
"Love"
231
{#3271
  +"removed": false
  +"forPostId": "231"
  +"nickname": "khecker"
  +"forCommentId": ""
  +"message": "Comment testing"
  +"id": "1BD9B405-38A1-4EDB-B5A0-00AC8CF9F37D"
  +"datetime": 1705773766
  +"userId": 4
  +"avatar": "https://app.exposvre.com/storage/39/avatar.jpeg"
  +"likes": 0
}
"comments/posts/231/1bd9b40538a14edbb5a000ac8cf9f37d"
"POST"
"231"
231
{#3271
  +"removed": false
  +"forPostId": "231"
  +"nickname": "khecker"
  +"forCommentId": ""
  +"message": "Comment testing"
  +"id": "1BD9B405-38A1-4EDB-B5A0-00AC8CF9F37D"
  +"datetime": 1705773766
  +"userId": 4
  +"avatar": "https://app.exposvre.com/storage/39/avatar.jpeg"
  +"likes": 0
}
"Comment testing"
231
{#3323
  +"forPostId": "23"
  +"likes": 0
  +"datetime": 1705260007
  +"forCommentId": ""
  +"message": "Emma"
  +"id": "CD847D61-ACA6-4A56-9A54-4987E13F6132"
  +"nickname": "khecker"
  +"avatar": "https://app.exposvre.com/storage/39/avatar.jpeg"
  +"removed": false
  +"userId": 4
}
"comments/posts/23/cd847d61aca64a569a544987e13f6132"
{#3353
  +"forCommentId": ""
  +"removed": false
  +"message": "Kristen"
  +"likes": 0
  +"userId": 4
  +"avatar": "https://app.exposvre.com/storage/39/avatar.jpeg"
  +"forPostId": "227"
  +"id": "81433236-8942-4337-9BB9-F44131FC86E3"
  +"datetime": 1705260035
  +"nickname": "khecker"
}
"comments/posts/227/81433236894243379bb9f44131fc86e3"
"POST"
"227"
227
{#3353
  +"forCommentId": ""
  +"removed": false
  +"message": "Kristen"
  +"likes": 0
  +"userId": 4
  +"avatar": "https://app.exposvre.com/storage/39/avatar.jpeg"
  +"forPostId": "227"
  +"id": "81433236-8942-4337-9BB9-F44131FC86E3"
  +"datetime": 1705260035
  +"nickname": "khecker"
}
"Kristen"
227
{#3335
  +"userId": 10
  +"avatar": "https://app.exposvre.com/storage/169/avatar.jpeg"
  +"id": "4224E917-5872-4361-B04B-C9BFFB919209"
  +"forPostId": "262"
  +"removed": false
  +"message": "so excited for this movie!"
  +"datetime": 1705467116
  +"forCommentId": ""
  +"likes": 0
  +"nickname": "indiamcc13"
}
"comments/posts/262/4224e91758724361b04bc9bffb919209"
"POST"
"262"
262
{#3335
  +"userId": 10
  +"avatar": "https://app.exposvre.com/storage/169/avatar.jpeg"
  +"id": "4224E917-5872-4361-B04B-C9BFFB919209"
  +"forPostId": "262"
  +"removed": false
  +"message": "so excited for this movie!"
  +"datetime": 1705467116
  +"forCommentId": ""
  +"likes": 0
  +"nickname": "indiamcc13"
}
"so excited for this movie!"
262
{#3383
  +"id": "31DABCA6-400A-4A9F-9C96-D0F40B566A8F"
  +"forPostId": "311"
  +"userId": 15
  +"likes": 1
  +"avatar": "https://app.exposvre.com/storage/504/avatar.jpeg"
  +"removed": false
  +"datetime": 1706308800
  +"nickname": "MLSKC"
  +"forCommentId": ""
  +"message": "Happy Birthday, little late but awesome dress and Haring"
}
"comments/posts/311/31dabca6400a4a9f9c96d0f40b566a8f"
"POST"
"311"
311
{#3383
  +"id": "31DABCA6-400A-4A9F-9C96-D0F40B566A8F"
  +"forPostId": "311"
  +"userId": 15
  +"likes": 1
  +"avatar": "https://app.exposvre.com/storage/504/avatar.jpeg"
  +"removed": false
  +"datetime": 1706308800
  +"nickname": "MLSKC"
  +"forCommentId": ""
  +"message": "Happy Birthday, little late but awesome dress and Haring"
}
"Happy Birthday, little late but awesome dress and Haring"
311
{#3412
  +"forCommentId": ""
  +"userId": 15
  +"forPostId": "277"
  +"nickname": "MLSKC"
  +"id": "5F08A048-990D-4EE9-8D71-881FB22F9C9B"
  +"datetime": 1706308890
  +"message": "Polaroids, awesome"
  +"removed": false
  +"likes": 0
  +"avatar": "https://app.exposvre.com/storage/504/avatar.jpeg"
}
"comments/posts/277/5f08a048990d4ee98d71881fb22f9c9b"
"POST"
"277"
277
{#3412
  +"forCommentId": ""
  +"userId": 15
  +"forPostId": "277"
  +"nickname": "MLSKC"
  +"id": "5F08A048-990D-4EE9-8D71-881FB22F9C9B"
  +"datetime": 1706308890
  +"message": "Polaroids, awesome"
  +"removed": false
  +"likes": 0
  +"avatar": "https://app.exposvre.com/storage/504/avatar.jpeg"
}
"Polaroids, awesome"
277
{#3438
  +"datetime": 1706375287
  +"forCommentId": ""
  +"id": "BCA7ADB8-6809-4362-BFCD-38F5C2FA64C5"
  +"likes": 0
  +"removed": false
  +"nickname": ""
  +"avatar": ""
  +"forPostId": "308"
  +"userId": 30
  +"message": "Such a great concept for a show!"
}
"comments/posts/308/bca7adb868094362bfcd38f5c2fa64c5"
"POST"
"308"
308
{#3438
  +"datetime": 1706375287
  +"forCommentId": ""
  +"id": "BCA7ADB8-6809-4362-BFCD-38F5C2FA64C5"
  +"likes": 0
  +"removed": false
  +"nickname": ""
  +"avatar": ""
  +"forPostId": "308"
  +"userId": 30
  +"message": "Such a great concept for a show!"
}
"Such a great concept for a show!"
308
{#3461
  +"likes": 0
  +"userId": 30
  +"nickname": ""
  +"avatar": ""
  +"id": "7D53A64E-8A40-493C-9AC7-143329D8BDE7"
  +"forCommentId": ""
  +"message": "Can. Not. Wait."
  +"datetime": 1706375324
  +"removed": false
  +"forPostId": "307"
}
"comments/posts/307/7d53a64e8a40493c9ac7143329d8bde7"
"POST"
"307"
307
{#3461
  +"likes": 0
  +"userId": 30
  +"nickname": ""
  +"avatar": ""
  +"id": "7D53A64E-8A40-493C-9AC7-143329D8BDE7"
  +"forCommentId": ""
  +"message": "Can. Not. Wait."
  +"datetime": 1706375324
  +"removed": false
  +"forPostId": "307"
}
"Can. Not. Wait."
307
{#3485
  +"userId": 31
  +"forCommentId": ""
  +"message": "gorgeous"
  +"avatar": "https://app.exposvre.com/storage/908/avatar.jpeg"
  +"forPostId": "184"
  +"removed": false
  +"likes": 0
  +"datetime": 1706598090
  +"id": "EB4D4B7E-A6A8-4417-BE28-9AA5C9C91465"
  +"nickname": "wcassetta"
}
"comments/posts/184/eb4d4b7ea6a84417be289aa5c9c91465"
"POST"
"184"
184
{#3485
  +"userId": 31
  +"forCommentId": ""
  +"message": "gorgeous"
  +"avatar": "https://app.exposvre.com/storage/908/avatar.jpeg"
  +"forPostId": "184"
  +"removed": false
  +"likes": 0
  +"datetime": 1706598090
  +"id": "EB4D4B7E-A6A8-4417-BE28-9AA5C9C91465"
  +"nickname": "wcassetta"
}
"gorgeous"
184
{#3509
  +"userId": 11
  +"forPostId": "9"
  +"nickname": "Forsain"
  +"avatar": "https://app.exposvre.com/storage/229/avatar.jpeg"
  +"likes": 0
  +"datetime": 1706794545
  +"forCommentId": "44D4AEB1-46D4-4D13-918B-A19BCAB2B4AE"
  +"id": "44D4AEB1-46D4-4D13-918B-A19BCAB2B4AE"
  +"removed": true
  +"message": "<REMOVED>"
}
"comments/posts/9/44d4aeb146d44d13918ba19bcab2b4ae"
"POST"
"9"
9
{#3509
  +"userId": 11
  +"forPostId": "9"
  +"nickname": "Forsain"
  +"avatar": "https://app.exposvre.com/storage/229/avatar.jpeg"
  +"likes": 0
  +"datetime": 1706794545
  +"forCommentId": "44D4AEB1-46D4-4D13-918B-A19BCAB2B4AE"
  +"id": "44D4AEB1-46D4-4D13-918B-A19BCAB2B4AE"
  +"removed": true
  +"message": "<REMOVED>"
}
"<REMOVED>"
9
{#3533
  +"forPostId": "9"
  +"userId": 11
  +"nickname": "Forsain"
  +"datetime": 1706794551
  +"message": "<REMOVED>"
  +"likes": 0
  +"id": "308F45F2-DECF-439C-BDBD-8F1860480312"
  +"removed": true
  +"forCommentId": "308F45F2-DECF-439C-BDBD-8F1860480312"
  +"avatar": "https://app.exposvre.com/storage/229/avatar.jpeg"
}
"comments/posts/9/308f45f2decf439cbdbd8f1860480312"
"POST"
"9"
9
{#3533
  +"forPostId": "9"
  +"userId": 11
  +"nickname": "Forsain"
  +"datetime": 1706794551
  +"message": "<REMOVED>"
  +"likes": 0
  +"id": "308F45F2-DECF-439C-BDBD-8F1860480312"
  +"removed": true
  +"forCommentId": "308F45F2-DECF-439C-BDBD-8F1860480312"
  +"avatar": "https://app.exposvre.com/storage/229/avatar.jpeg"
}
"<REMOVED>"
9
{#3564
  +"removed": false
  +"message": "Beautiful evening swim"
  +"datetime": 1706836740
  +"avatar": "https://app.exposvre.com/storage/504/avatar.jpeg"
  +"forCommentId": ""
  +"likes": 0
  +"id": "82C96D61-EB1A-480B-B031-B33801FC44BE"
  +"userId": 15
  +"nickname": "MLSKC"
  +"forPostId": "312"
}
"comments/posts/312/82c96d61eb1a480bb031b33801fc44be"
"POST"
"312"
312
{#3564
  +"removed": false
  +"message": "Beautiful evening swim"
  +"datetime": 1706836740
  +"avatar": "https://app.exposvre.com/storage/504/avatar.jpeg"
  +"forCommentId": ""
  +"likes": 0
  +"id": "82C96D61-EB1A-480B-B031-B33801FC44BE"
  +"userId": 15
  +"nickname": "MLSKC"
  +"forPostId": "312"
}
"Beautiful evening swim"
312
{#3589
  +"forPostId": "318"
  +"datetime": 1707259443
  +"userId": 8
  +"removed": false
  +"forCommentId": ""
  +"likes": 0
  +"message": "Obsessed!"
  +"avatar": "https://app.exposvre.com/storage/135/avatar.jpeg"
  +"id": "17069706-18C1-4422-9BF2-41A7D72570CA"
  +"nickname": "Camille"
}
"comments/posts/318/1706970618c144229bf241a7d72570ca"
"POST"
"318"
318
{#3589
  +"forPostId": "318"
  +"datetime": 1707259443
  +"userId": 8
  +"removed": false
  +"forCommentId": ""
  +"likes": 0
  +"message": "Obsessed!"
  +"avatar": "https://app.exposvre.com/storage/135/avatar.jpeg"
  +"id": "17069706-18C1-4422-9BF2-41A7D72570CA"
  +"nickname": "Camille"
}
"Obsessed!"
318
{#3605
  +"userId": 10
  +"avatar": "https://app.exposvre.com/storage/169/avatar.jpeg"
  +"id": "53106E9C-1886-4EE5-BDC2-49A77CBC8987"
  +"forPostId": "332"
  +"removed": false
  +"message": "cant wait for her album! 🙌🏼"
  +"datetime": 1707264770
  +"forCommentId": ""
  +"likes": 0
  +"nickname": "indiamcc13"
}
"comments/posts/332/53106e9c18864ee5bdc249a77cbc8987"
"POST"
"332"
332
{#3605
  +"userId": 10
  +"avatar": "https://app.exposvre.com/storage/169/avatar.jpeg"
  +"id": "53106E9C-1886-4EE5-BDC2-49A77CBC8987"
  +"forPostId": "332"
  +"removed": false
  +"message": "cant wait for her album! 🙌🏼"
  +"datetime": 1707264770
  +"forCommentId": ""
  +"likes": 0
  +"nickname": "indiamcc13"
}
"cant wait for her album! 🙌🏼"
332
{#3629
  +"forPostId": "424"
  +"message": "Test"
  +"nickname": "Forsain"
  +"removed": false
  +"userId": 11
  +"likes": 0
  +"id": "AB13A30D-326D-4AFE-9217-B0EE6BF45D6F"
  +"avatar": "https://app.exposvre.com/storage/229/avatar.jpeg"
  +"forCommentId": ""
  +"datetime": 1708697995
}
"comments/posts/424/ab13a30d326d4afe9217b0ee6bf45d6f"
{#3653
  +"message": "Test notifications"
  +"likes": 0
  +"id": "EDAA4DD8-0CD2-49C7-A605-4B792DF8193D"
  +"forPostId": "424"
  +"removed": false
  +"avatar": "https://app.exposvre.com/storage/229/avatar.jpeg"
  +"datetime": 1708702661
  +"forCommentId": ""
  +"userId": 11
  +"nickname": "Forsain"
}
"comments/posts/424/edaa4dd80cd249c7a6054b792df8193d"
{#3644
  +"forPostId": "424"
  +"avatar": "https://app.exposvre.com/storage/229/avatar.jpeg"
  +"forCommentId": ""
  +"userId": 11
  +"datetime": 1708702850
  +"message": "Test again"
  +"removed": false
  +"likes": 0
  +"nickname": "Forsain"
  +"id": "268B6B58-9758-4256-B06A-BD7603BC47B5"
}
"comments/posts/424/268b6b5897584256b06abd7603bc47b5"
{#2630
  +"likes": 0
  +"userId": 11
  +"message": "New test"
  +"removed": false
  +"nickname": "Forsain"
  +"datetime": 1708702934
  +"forCommentId": ""
  +"forPostId": "424"
  +"id": "26BB7185-4A2C-495C-B7D7-DEA2D0D30B97"
  +"avatar": "https://app.exposvre.com/storage/229/avatar.jpeg"
}
"comments/posts/424/26bb71854a2c495cb7d7dea2d0d30b97"
{#3658
  +"removed": false
  +"id": "3F659645-0C8B-468A-ABCD-E20AC2F03ABE"
  +"datetime": 1708702304
  +"forCommentId": ""
  +"forPostId": "410"
  +"message": "Test comment for notifications"
  +"nickname": "Forsain"
  +"likes": 0
  +"userId": 11
  +"avatar": "https://app.exposvre.com/storage/229/avatar.jpeg"
}
"comments/posts/410/3f6596450c8b468aabcde20ac2f03abe"
"POST"
"410"
410
{#3658
  +"removed": false
  +"id": "3F659645-0C8B-468A-ABCD-E20AC2F03ABE"
  +"datetime": 1708702304
  +"forCommentId": ""
  +"forPostId": "410"
  +"message": "Test comment for notifications"
  +"nickname": "Forsain"
  +"likes": 0
  +"userId": 11
  +"avatar": "https://app.exposvre.com/storage/229/avatar.jpeg"
}
"Test comment for notifications"
410
{#3664
  +"message": "Cute dog!"
  +"forCommentId": ""
  +"id": "82DAAD32-C755-43E9-A1AA-9C5B291A837C"
  +"nickname": "Alex2.0"
  +"likes": 0
  +"avatar": "https://app.exposvre.com/storage/710/avatar.jpeg"
  +"userId": 27
  +"removed": false
  +"forPostId": "427"
  +"datetime": 1708974357
}
"comments/posts/427/82daad32c75543e9a1aa9c5b291a837c"
"POST"
"427"
427
{#3664
  +"message": "Cute dog!"
  +"forCommentId": ""
  +"id": "82DAAD32-C755-43E9-A1AA-9C5B291A837C"
  +"nickname": "Alex2.0"
  +"likes": 0
  +"avatar": "https://app.exposvre.com/storage/710/avatar.jpeg"
  +"userId": 27
  +"removed": false
  +"forPostId": "427"
  +"datetime": 1708974357
}
"Cute dog!"
427
{#3701
  +"avatar": "https://app.exposvre.com/storage/38/avatar.jpeg"
  +"id": "A804C536-3FE2-4B89-9E43-53A7A51A383C"
  +"datetime": 1709758750
  +"removed": false
  +"forCommentId": ""
  +"likes": 0
  +"userId": 2
  +"message": "Awesome dog"
  +"nickname": "Alexveee"
  +"forPostId": "495"
}
"comments/posts/495/a804c5363fe24b899e4353a7a51a383c"
"POST"
"495"
495
{#3701
  +"avatar": "https://app.exposvre.com/storage/38/avatar.jpeg"
  +"id": "A804C536-3FE2-4B89-9E43-53A7A51A383C"
  +"datetime": 1709758750
  +"removed": false
  +"forCommentId": ""
  +"likes": 0
  +"userId": 2
  +"message": "Awesome dog"
  +"nickname": "Alexveee"
  +"forPostId": "495"
}
"Awesome dog"
495
{#3722
  +"forPostId": "498"
  +"forCommentId": ""
  +"likes": 0
  +"removed": false
  +"avatar": "https://app.exposvre.com/storage/229/avatar.jpeg"
  +"datetime": 1709837528
  +"message": "New comment"
  +"nickname": "Forsain"
  +"id": "CF6BBCEA-C67A-47E1-8F07-1C62F3E4075F"
  +"userId": 11
}
"comments/posts/498/cf6bbceac67a47e18f071c62f3e4075f"
"POST"
"498"
498
{#3722
  +"forPostId": "498"
  +"forCommentId": ""
  +"likes": 0
  +"removed": false
  +"avatar": "https://app.exposvre.com/storage/229/avatar.jpeg"
  +"datetime": 1709837528
  +"message": "New comment"
  +"nickname": "Forsain"
  +"id": "CF6BBCEA-C67A-47E1-8F07-1C62F3E4075F"
  +"userId": 11
}
"New comment"
498
{#3746
  +"message": "Once more"
  +"forPostId": "498"
  +"id": "7AEA0724-7FB1-402C-8B6E-DA82780CA942"
  +"likes": 0
  +"avatar": "https://app.exposvre.com/storage/229/avatar.jpeg"
  +"userId": 11
  +"forCommentId": ""
  +"nickname": "Forsain"
  +"removed": false
  +"datetime": 1709837684
}
"comments/posts/498/7aea07247fb1402c8b6eda82780ca942"
"POST"
"498"
498
{#3746
  +"message": "Once more"
  +"forPostId": "498"
  +"id": "7AEA0724-7FB1-402C-8B6E-DA82780CA942"
  +"likes": 0
  +"avatar": "https://app.exposvre.com/storage/229/avatar.jpeg"
  +"userId": 11
  +"forCommentId": ""
  +"nickname": "Forsain"
  +"removed": false
  +"datetime": 1709837684
}
"Once more"
498
{#3772
  +"likes": 0
  +"datetime": 1709897533
  +"id": "90725574-3844-47CE-81F7-AB118137CFF2"
  +"userId": 11
  +"message": "Who is this man?"
  +"forPostId": "493"
  +"nickname": "Forsain"
  +"avatar": "https://app.exposvre.com/storage/229/avatar.jpeg"
  +"forCommentId": ""
  +"removed": false
}
"comments/posts/493/90725574384447ce81f7ab118137cff2"
"POST"
"493"
493
{#3772
  +"likes": 0
  +"datetime": 1709897533
  +"id": "90725574-3844-47CE-81F7-AB118137CFF2"
  +"userId": 11
  +"message": "Who is this man?"
  +"forPostId": "493"
  +"nickname": "Forsain"
  +"avatar": "https://app.exposvre.com/storage/229/avatar.jpeg"
  +"forCommentId": ""
  +"removed": false
}
"Who is this man?"
493
{#3797
  +"forCommentId": ""
  +"likes": 0
  +"removed": false
  +"userId": 11
  +"datetime": 1709898675
  +"nickname": "Forsain"
  +"message": "Testing message"
  +"forPostId": "493"
  +"avatar": "https://app.exposvre.com/storage/229/avatar.jpeg"
  +"id": "EB948E0A-5643-446E-86E2-D789B63FA6B7"
}
"comments/posts/493/eb948e0a5643446e86e2d789b63fa6b7"
"POST"
"493"
493
{#3797
  +"forCommentId": ""
  +"likes": 0
  +"removed": false
  +"userId": 11
  +"datetime": 1709898675
  +"nickname": "Forsain"
  +"message": "Testing message"
  +"forPostId": "493"
  +"avatar": "https://app.exposvre.com/storage/229/avatar.jpeg"
  +"id": "EB948E0A-5643-446E-86E2-D789B63FA6B7"
}
"Testing message"
493
{#3811
  +"datetime": 1709898675
  +"forCommentId": "EB948E0A-5643-446E-86E2-D789B63FA6B7"
  +"forPostId": "493"
  +"nickname": "Forsain"
  +"avatar": "https://app.exposvre.com/storage/229/avatar.jpeg"
  +"removed": true
  +"likes": 0
  +"userId": 11
  +"message": "<REMOVED>"
  +"id": "EB948E0A-5643-446E-86E2-D789B63FA6B7"
}
"comments/posts/493/eb948e0a5643446e86e2d789b63fa6b7"
"POST"
"493"
493
{#3811
  +"datetime": 1709898675
  +"forCommentId": "EB948E0A-5643-446E-86E2-D789B63FA6B7"
  +"forPostId": "493"
  +"nickname": "Forsain"
  +"avatar": "https://app.exposvre.com/storage/229/avatar.jpeg"
  +"removed": true
  +"likes": 0
  +"userId": 11
  +"message": "<REMOVED>"
  +"id": "EB948E0A-5643-446E-86E2-D789B63FA6B7"
}
"<REMOVED>"
493
{#3870
  +"id": "90725574-3844-47CE-81F7-AB118137CFF2"
  +"removed": true
  +"message": "<REMOVED>"
  +"forPostId": "493"
  +"userId": 11
  +"nickname": "Forsain"
  +"forCommentId": "90725574-3844-47CE-81F7-AB118137CFF2"
  +"avatar": "https://app.exposvre.com/storage/229/avatar.jpeg"
  +"likes": 0
  +"datetime": 1709897533
}
"comments/posts/493/90725574384447ce81f7ab118137cff2"
"POST"
"493"
493
{#3870
  +"id": "90725574-3844-47CE-81F7-AB118137CFF2"
  +"removed": true
  +"message": "<REMOVED>"
  +"forPostId": "493"
  +"userId": 11
  +"nickname": "Forsain"
  +"forCommentId": "90725574-3844-47CE-81F7-AB118137CFF2"
  +"avatar": "https://app.exposvre.com/storage/229/avatar.jpeg"
  +"likes": 0
  +"datetime": 1709897533
}
"<REMOVED>"
493
{#3895
  +"message": "Who is this man?"
  +"nickname": "Forsain"
  +"removed": false
  +"forPostId": "493"
  +"avatar": "https://app.exposvre.com/storage/229/avatar.jpeg"
  +"forCommentId": ""
  +"datetime": 1709899576
  +"userId": 11
  +"id": "D7E6C6FF-DB48-4E90-80CB-64DC24577686"
  +"likes": 0
}
"comments/posts/493/d7e6c6ffdb484e9080cb64dc24577686"
"POST"
"493"
493
{#3895
  +"message": "Who is this man?"
  +"nickname": "Forsain"
  +"removed": false
  +"forPostId": "493"
  +"avatar": "https://app.exposvre.com/storage/229/avatar.jpeg"
  +"forCommentId": ""
  +"datetime": 1709899576
  +"userId": 11
  +"id": "D7E6C6FF-DB48-4E90-80CB-64DC24577686"
  +"likes": 0
}
"Who is this man?"
493
{#3920
  +"datetime": 1709899655
  +"avatar": "https://app.exposvre.com/storage/229/avatar.jpeg"
  +"userId": 11
  +"message": "Working fine"
  +"forCommentId": ""
  +"id": "FAC13884-CB25-4C75-908E-9B5D9DFCE59A"
  +"likes": 0
  +"forPostId": "493"
  +"nickname": "Forsain"
  +"removed": false
}
"comments/posts/493/fac13884cb254c75908e9b5d9dfce59a"
"POST"
"493"
493
{#3920
  +"datetime": 1709899655
  +"avatar": "https://app.exposvre.com/storage/229/avatar.jpeg"
  +"userId": 11
  +"message": "Working fine"
  +"forCommentId": ""
  +"id": "FAC13884-CB25-4C75-908E-9B5D9DFCE59A"
  +"likes": 0
  +"forPostId": "493"
  +"nickname": "Forsain"
  +"removed": false
}
"Working fine"
493
{#3945
  +"userId": 11
  +"nickname": "Forsain"
  +"avatar": "https://app.exposvre.com/storage/229/avatar.jpeg"
  +"forCommentId": ""
  +"message": "What does he do?"
  +"forPostId": "492"
  +"likes": 0
  +"id": "8B1CD470-CFB2-4738-AFD4-92123AF91A63"
  +"datetime": 1709899746
  +"removed": false
}
"comments/posts/492/8b1cd470cfb24738afd492123af91a63"
"POST"
"492"
492
{#3945
  +"userId": 11
  +"nickname": "Forsain"
  +"avatar": "https://app.exposvre.com/storage/229/avatar.jpeg"
  +"forCommentId": ""
  +"message": "What does he do?"
  +"forPostId": "492"
  +"likes": 0
  +"id": "8B1CD470-CFB2-4738-AFD4-92123AF91A63"
  +"datetime": 1709899746
  +"removed": false
}
"What does he do?"
492
{#3963
  +"datetime": 1709899746
  +"forPostId": "492"
  +"likes": 0
  +"nickname": "Forsain"
  +"message": "<REMOVED>"
  +"removed": true
  +"id": "8B1CD470-CFB2-4738-AFD4-92123AF91A63"
  +"userId": 11
  +"forCommentId": "8B1CD470-CFB2-4738-AFD4-92123AF91A63"
  +"avatar": "https://app.exposvre.com/storage/229/avatar.jpeg"
}
"comments/posts/492/8b1cd470cfb24738afd492123af91a63"
"POST"
"492"
492
{#3963
  +"datetime": 1709899746
  +"forPostId": "492"
  +"likes": 0
  +"nickname": "Forsain"
  +"message": "<REMOVED>"
  +"removed": true
  +"id": "8B1CD470-CFB2-4738-AFD4-92123AF91A63"
  +"userId": 11
  +"forCommentId": "8B1CD470-CFB2-4738-AFD4-92123AF91A63"
  +"avatar": "https://app.exposvre.com/storage/229/avatar.jpeg"
}
"<REMOVED>"
492
{#3988
  +"message": "<REMOVED>"
  +"userId": 11
  +"forPostId": "493"
  +"forCommentId": "D7E6C6FF-DB48-4E90-80CB-64DC24577686"
  +"avatar": "https://app.exposvre.com/storage/229/avatar.jpeg"
  +"id": "D7E6C6FF-DB48-4E90-80CB-64DC24577686"
  +"removed": true
  +"nickname": "Forsain"
  +"datetime": 1709899576
  +"likes": 0
}
"comments/posts/493/d7e6c6ffdb484e9080cb64dc24577686"
"POST"
"493"
493
{#3988
  +"message": "<REMOVED>"
  +"userId": 11
  +"forPostId": "493"
  +"forCommentId": "D7E6C6FF-DB48-4E90-80CB-64DC24577686"
  +"avatar": "https://app.exposvre.com/storage/229/avatar.jpeg"
  +"id": "D7E6C6FF-DB48-4E90-80CB-64DC24577686"
  +"removed": true
  +"nickname": "Forsain"
  +"datetime": 1709899576
  +"likes": 0
}
"<REMOVED>"
493
{#4018
  +"removed": true
  +"forPostId": "493"
  +"userId": 11
  +"datetime": 1709899655
  +"id": "FAC13884-CB25-4C75-908E-9B5D9DFCE59A"
  +"likes": 0
  +"avatar": "https://app.exposvre.com/storage/229/avatar.jpeg"
  +"nickname": "Forsain"
  +"message": "<REMOVED>"
  +"forCommentId": "FAC13884-CB25-4C75-908E-9B5D9DFCE59A"
}
"comments/posts/493/fac13884cb254c75908e9b5d9dfce59a"
"POST"
"493"
493
{#4018
  +"removed": true
  +"forPostId": "493"
  +"userId": 11
  +"datetime": 1709899655
  +"id": "FAC13884-CB25-4C75-908E-9B5D9DFCE59A"
  +"likes": 0
  +"avatar": "https://app.exposvre.com/storage/229/avatar.jpeg"
  +"nickname": "Forsain"
  +"message": "<REMOVED>"
  +"forCommentId": "FAC13884-CB25-4C75-908E-9B5D9DFCE59A"
}
"<REMOVED>"
493
